Acknowledged! --> Segment:  1 |Amount of data received so far:  100
Acknowledged! --> Segment:  2 |Amount of data received so far:  200
Acknowledged! --> Segment:  3 |Amount of data received so far:  300
Acknowledged! --> Segment:  4 |Amount of data received so far:  400
Acknowledged! --> Segment:  5 |Amount of data received so far:  500
Acknowledged! --> Segment:  6 |Amount of data received so far:  600
Acknowledged! --> Segment:  7 |Amount of data received so far:  700
Acknowledged! --> Segment:  8 |Amount of data received so far:  800
Acknowledged! --> Segment:  9 |Amount of data received so far:  900
Acknowledged! --> Segment:  10 |Amount of data received so far:  1000
Acknowledged! --> Segment:  11 |Amount of data received so far:  1100
Acknowledged! --> Segment:  12 |Amount of data received so far:  1200
Acknowledged! --> Segment:  13 |Amount of data received so far:  1300
Acknowledged! --> Segment:  14 |Amount of data received so far:  1400
Acknowledged! --> Segment:  15 |Amount of data received so far:  1500
Acknowledged! --> Segment:  16 |Amount of data received so far:  1600
Acknowledged! --> Segment:  17 |Amount of data received so far:  1700
Acknowledged! --> Segment:  18 |Amount of data received so far:  1800
Acknowledged! --> Segment:  19 |Amount of data received so far:  1900
Acknowledged! --> Segment:  20 |Amount of data received so far:  2000
Acknowledged! --> Segment:  21 |Amount of data received so far:  2100
Acknowledged! --> Segment:  22 |Amount of data received so far:  2200
Acknowledged! --> Segment:  23 |Amount of data received so far:  2300
Acknowledged! --> Segment:  24 |Amount of data received so far:  2400
Acknowledged! --> Segment:  25 |Amount of data received so far:  2500
Acknowledged! --> Segment:  26 |Amount of data received so far:  2600
Acknowledged! --> Segment:  27 |Amount of data received so far:  2700
Acknowledged! --> Segment:  28 |Amount of data received so far:  2800
Acknowledged! --> Segment:  29 |Amount of data received so far:  2900
Acknowledged! --> Segment:  30 |Amount of data received so far:  3000
Acknowledged! --> Segment:  31 |Amount of data received so far:  3100
Acknowledged! --> Segment:  32 |Amount of data received so far:  3200
Acknowledged! --> Segment:  33 |Amount of data received so far:  3300
Acknowledged! --> Segment:  34 |Amount of data received so far:  3400
Acknowledged! --> Segment:  35 |Amount of data received so far:  3500
Acknowledged! --> Segment:  36 |Amount of data received so far:  3600
Acknowledged! --> Segment:  37 |Amount of data received so far:  3700
Acknowledged! --> Segment:  38 |Amount of data received so far:  3800
Acknowledged! --> Segment:  39 |Amount of data received so far:  3900
Acknowledged! --> Segment:  40 |Amount of data received so far:  4000
Acknowledged! --> Segment:  41 |Amount of data received so far:  4100
Acknowledged! --> Segment:  42 |Amount of data received so far:  4200
Acknowledged! --> Segment:  43 |Amount of data received so far:  4300
Acknowledged! --> Segment:  44 |Amount of data received so far:  4400
Acknowledged! --> Segment:  45 |Amount of data received so far:  4500
Acknowledged! --> Segment:  46 |Amount of data received so far:  4600
Acknowledged! --> Segment:  47 |Amount of data received so far:  4700
Acknowledged! --> Segment:  48 |Amount of data received so far:  4800
Acknowledged! --> Segment:  49 |Amount of data received so far:  4900
Acknowledged! --> Segment:  50 |Amount of data received so far:  5000
Acknowledged! --> Segment:  51 |Amount of data received so far:  5100
Acknowledged! --> Segment:  52 |Amount of data received so far:  5200
Acknowledged! --> Segment:  53 |Amount of data received so far:  5300
Acknowledged! --> Segment:  54 |Amount of data received so far:  5400
Acknowledged! --> Segment:  55 |Amount of data received so far:  5500
Acknowledged! --> Segment:  56 |Amount of data received so far:  5600
Acknowledged! --> Segment:  57 |Amount of data received so far:  5700
Acknowledged! --> Segment:  58 |Amount of data received so far:  5800
Acknowledged! --> Segment:  59 |Amount of data received so far:  5842
The file transmission is now completed!
The file size:  5842
Segment:  1 | 100 Bytes is sent!
Segment:  2 | 100 Bytes is sent!
Segment:  3 | 100 Bytes is sent!
Segment:  4 | 100 Bytes is sent!
Segment:  5 | 100 Bytes is sent!
Segment:  6 | 100 Bytes is sent!
Segment:  7 | 100 Bytes is sent!
Segment:  8 | 100 Bytes is sent!
Segment:  9 | 100 Bytes is sent!
Segment:  10 | 100 Bytes is sent!
Segment:  11 | 100 Bytes is sent!
Segment:  12 | 100 Bytes is sent!
Segment:  13 | 100 Bytes is sent!
Segment:  14 | 100 Bytes is sent!
Segment:  15 | 100 Bytes is sent!
Segment:  16 | 100 Bytes is sent!
Segment:  17 | 100 Bytes is sent!
Segment:  18 | 100 Bytes is sent!
Segment:  19 | 100 Bytes is sent!
Segment:  20 | 100 Bytes is sent!
Segment:  21 | 100 Bytes is sent!
Segment:  22 | 100 Bytes is sent!
Segment:  23 | 100 Bytes is sent!
Segment:  24 | 100 Bytes is sent!
Segment:  25 | 100 Bytes is sent!
Segment:  26 | 100 Bytes is sent!
Segment:  27 | 100 Bytes is sent!
Segment:  28 | 100 Bytes is sent!
Segment:  29 | 100 Bytes is sent!
Segment:  30 | 100 Bytes is sent!
Segment:  31 | 100 Bytes is sent!
Segment:  32 | 100 Bytes is sent!
Segment:  33 | 100 Bytes is sent!
Segment:  34 | 100 Bytes is sent!
Segment:  35 | 100 Bytes is sent!
Segment:  36 | 100 Bytes is sent!
Segment:  37 | 100 Bytes is sent!
Segment:  38 | 100 Bytes is sent!
Segment:  39 | 100 Bytes is sent!
Segment:  40 | 100 Bytes is sent!
Segment:  41 | 100 Bytes is sent!
Segment:  42 | 100 Bytes is sent!
Segment:  43 | 100 Bytes is sent!
Segment:  44 | 100 Bytes is sent!
Segment:  45 | 100 Bytes is sent!
Segment:  46 | 100 Bytes is sent!
Segment:  47 | 100 Bytes is sent!
Segment:  48 | 100 Bytes is sent!
Segment:  49 | 100 Bytes is sent!
Segment:  50 | 100 Bytes is sent!
Segment:  51 | 100 Bytes is sent!
Segment:  52 | 100 Bytes is sent!
Segment:  53 | 100 Bytes is sent!
Segment:  54 | 100 Bytes is sent!
Segment:  55 | 100 Bytes is sent!
Segment:  56 | 100 Bytes is sent!
Segment:  57 | 100 Bytes is sent!
Segment:  58 | 100 Bytes is sent!
Segment:  59 | 42 Bytes is sent!
File transmission is completed!
0
