
====================
SIMULATION PARAMETERS:
  - NUM_STATIONS = 3
  - NUM_FRAMES = 1000000 (per station)
  - ARR_RATE = 10000.0 (frames / sec)
  - FRAME_SIZE = 8192 (bits)
  - MEDIUM_BW = 1000000000 (bits / sec)
  - MEDIUM_DIAMETER = 400.0 (metres)
  - MEDIUM_VELOCITY = 97656250 (metres / sec)
  - SERIALIZATION_DELAY = 8.192e-06 (sec)
  - PROP_DELAY = 4.096e-06 (sec)
  - NORM_DELAY_BW = 0.5

====================
Generating arrival times...
Generated 3000000 arrivals in 1.3657093048095703 seconds

====================
Starting CSMA-CD simulation...

Progress update (0 seconds)
Station 0 has 1000000 remaining frames
Station 1 has 999999 remaining frames
Station 2 has 1000000 remaining frames

Progress update (1 seconds)
Station 0 has 735899 remaining frames
Station 1 has 734798 remaining frames
Station 2 has 734364 remaining frames

Progress update (2 seconds)
Station 0 has 408555 remaining frames
Station 1 has 407330 remaining frames
Station 2 has 406796 remaining frames

Progress update (3 seconds)
Station 0 has 98973 remaining frames
Station 1 has 97235 remaining frames
Station 2 has 96535 remaining frames

Finished transmitting frames from all stations
Elapsed real time: 3.29966 seconds
Elapsed simulation time: 123.78433 seconds

====================
Stations' statistics (stations' point-of-view):
  - Number of successful transmissions: 2774091 (92.47 %)
  - Number of frame collisions: 225909
  - Efficiency of channel utilization: 18.359 %

Actual statistics:
  - Number of successful transmissions: 2774091 (92.47 %)
  - Number of frame collisions: 225909
  - Efficiency of channel utilization: 18.359 %
